Build started 29-Aug-14 2:43:42 AM.
     1>Project "C:\VTK\VTK-examples\VTKCamera\build\Camera.vcxproj" on node 2 (build target(s)).
     1>InitializeBuildStatus:
         Creating "Camera.dir\Debug\Camera.unsuccessfulbuild" because "AlwaysCreate" was specified.
       CustomBuild:
         All outputs are up-to-date.
       ClCompile:
         C:\Program Files\Microsoft Visual Studio 10.0\VC\bin\CL.exe /c /I"C:\VTK\VTK-install\include\vtk-5.10" /Zi /nologo /W3 /WX- /Od /Ob0 /Oy- /D WIN32 /D _WINDOWS /D _DEBUG /D "CMAKE_INTDIR=\"Debug\"" /D _MBCS /Gm- /EHsc /RTC1 /MDd /GS /fp:precise /Zc:wchar_t /Zc:forScope /GR /Fo"Camera.dir\Debug\\" /Fd"Camera.dir\Debug\vc100.pdb" /Gd /TP /analyze- /errorReport:prompt ..\Camera.cxx
         Camera.cxx
       ManifestResourceCompile:
         All outputs are up-to-date.
       Link:
         C:\Program Files\Microsoft Visual Studio 10.0\VC\bin\link.exe /ERRORREPORT:PROMPT /OUT:"C:\VTK\VTK-examples\VTKCamera\build\Debug\Camera.exe" /INCREMENTAL /NOLOGO kernel32.lib user32.lib gdi32.lib winspool.lib shell32.lib ole32.lib oleaut32.lib uuid.lib comdlg32.lib advapi32.lib "C:\VTK\VTK-install\lib\vtk-5.10\vtkCommon.lib" "C:\VTK\VTK-install\lib\vtk-5.10\vtkFiltering.lib" "C:\VTK\VTK-install\lib\vtk-5.10\vtkImaging.lib" "C:\VTK\VTK-install\lib\vtk-5.10\vtkGraphics.lib" "C:\VTK\VTK-install\lib\vtk-5.10\vtkGenericFiltering.lib" "C:\VTK\VTK-install\lib\vtk-5.10\vtkIO.lib" "C:\VTK\VTK-install\lib\vtk-5.10\vtkRendering.lib" "C:\VTK\VTK-install\lib\vtk-5.10\vtkVolumeRendering.lib" "C:\VTK\VTK-install\lib\vtk-5.10\vtkHybrid.lib" "C:\VTK\VTK-install\lib\vtk-5.10\vtkWidgets.lib" "C:\VTK\VTK-install\lib\vtk-5.10\vtkInfovis.lib" "C:\VTK\VTK-install\lib\vtk-5.10\vtkGeovis.lib" "C:\VTK\VTK-install\lib\vtk-5.10\vtkViews.lib" "C:\VTK\VTK-install\lib\vtk-5.10\vtkCharts.lib" "C:\VTK\VTK-install\lib\vtk-5.10\vtkViews.lib" "C:\VTK\VTK-install\lib\vtk-5.10\vtkInfovis.lib" "C:\VTK\VTK-install\lib\vtk-5.10\vtkWidgets.lib" "C:\VTK\VTK-install\lib\vtk-5.10\vtkVolumeRendering.lib" "C:\VTK\VTK-install\lib\vtk-5.10\vtkHybrid.lib" "C:\VTK\VTK-install\lib\vtk-5.10\vtkRendering.lib" "C:\VTK\VTK-install\lib\vtk-5.10\vtkImaging.lib" "C:\VTK\VTK-install\lib\vtk-5.10\vtkGraphics.lib" "C:\VTK\VTK-install\lib\vtk-5.10\vtkIO.lib" "C:\VTK\VTK-install\lib\vtk-5.10\vtkFiltering.lib" "C:\VTK\VTK-install\lib\vtk-5.10\vtkCommon.lib" "C:\VTK\VTK-install\lib\vtk-5.10\vtksys.lib" ws2_32.lib /MANIFEST /ManifestFile:"Camera.dir\Debug\Camera.exe.intermediate.manifest" /MANIFESTUAC:"level='asInvoker' uiAccess='false'" /DEBUG /PDB:"C:/VTK/VTK-examples/VTKCamera/build/Debug/Camera.pdb" /SUBSYSTEM:CONSOLE /TLBID:1 /DYNAMICBASE /NXCOMPAT /IMPLIB:"C:/VTK/VTK-examples/VTKCamera/build/Debug/Camera.lib" /MACHINE:X86 Camera.dir\Debug\Camera.exe.embed.manifest.res
         Camera.dir\Debug\Camera.obj  /machine:X86 /debug 
       Manifest:
         C:\Program Files\Microsoft SDKs\Windows\v7.0A\bin\mt.exe /nologo /verbose /out:"Camera.dir\Debug\Camera.exe.embed.manifest" /manifest Camera.dir\Debug\Camera.exe.intermediate.manifest
         All outputs are up-to-date.
       LinkEmbedManifest:
         All outputs are up-to-date.
         Camera.vcxproj -> C:\VTK\VTK-examples\VTKCamera\build\Debug\Camera.exe
       FinalizeBuildStatus:
         Deleting file "Camera.dir\Debug\Camera.unsuccessfulbuild".
         Touching "Camera.dir\Debug\Camera.lastbuildstate".
     1>Done Building Project "C:\VTK\VTK-examples\VTKCamera\build\Camera.vcxproj" (build target(s)).

Build succeeded.

Time Elapsed 00:00:01.41
